# JRE version: Java(TM) SE Runtime Environment (8.0_121-b13) (build 1.8.0_121-b13)
# Java VM: Java HotSpot(TM) 64-Bit Server VM (25.121-b13 mixed mode windows-amd64 compressed oops)
Heap:
 PSYoungGen      total 94720K, used 60553K [0x00000000d5980000, 0x00000000dc180000, 0x0000000100000000)
  eden space 87040K, 65% used [0x00000000d5980000,0x00000000d90f65b0,0x00000000dae80000)
  from space 7680K, 48% used [0x00000000dae80000,0x00000000db22c030,0x00000000db600000)
  to   space 7680K, 0% used [0x00000000dba00000,0x00000000dba00000,0x00000000dc180000)
 ParOldGen       total 73728K, used 62152K [0x0000000080c00000, 0x0000000085400000, 0x00000000d5980000)
  object space 73728K, 84% used [0x0000000080c00000,0x00000000848b2158,0x0000000085400000)
 Metaspace       used 25783K, capacity 26832K, committed 27136K, reserved 1073152K
  class space    used 3485K, capacity 3733K, committed 3840K, reserved 1048576K
GC Heap History (10 events):
Event: 75.055 GC heap before
{Heap before GC invocations=42 (full 1):
 PSYoungGen      total 87552K, used 83520K [0x00000000d5980000, 0x00000000db680000, 0x0000000100000000)
  eden space 79872K, 99% used [0x00000000d5980000,0x00000000da7642b0,0x00000000da780000)
  from space 7680K, 48% used [0x00000000daf00000,0x00000000db2ac030,0x00000000db680000)
  to   space 7680K, 0% used [0x00000000da780000,0x00000000da780000,0x00000000daf00000)
 ParOldGen       total 73728K, used 62104K [0x0000000080c00000, 0x0000000085400000, 0x00000000d5980000)
  object space 73728K, 84% used [0x0000000080c00000,0x00000000848a6158,0x0000000085400000)
 Metaspace       used 25776K, capacity 26764K, committed 27136K, reserved 1073152K
  class space    used 3485K, capacity 3733K, committed 3840K, reserved 1048576K
Event: 75.056 GC heap after
Heap after GC invocations=42 (full 1):
 PSYoungGen      total 87552K, used 1360K [0x00000000d5980000, 0x00000000dba00000, 0x0000000100000000)
  eden space 79872K, 0% used [0x00000000d5980000,0x00000000d5980000,0x00000000da780000)
  from space 7680K, 17% used [0x00000000da780000,0x00000000da8d4010,0x00000000daf00000)
  to   space 7680K, 0% used [0x00000000db280000,0x00000000db280000,0x00000000dba00000)
 ParOldGen       total 73728K, used 62120K [0x0000000080c00000, 0x0000000085400000, 0x00000000d5980000)
  object space 73728K, 84% used [0x0000000080c00000,0x00000000848aa158,0x0000000085400000)
 Metaspace       used 25776K, capacity 26764K, committed 27136K, reserved 1073152K
  class space    used 3485K, capacity 3733K, committed 3840K, reserved 1048576K
}
Event: 75.497 GC heap before
{Heap before GC invocations=43 (full 1):
 PSYoungGen      total 87552K, used 80658K [0x00000000d5980000, 0x00000000dba00000, 0x0000000100000000)
  eden space 79872K, 99% used [0x00000000d5980000,0x00000000da6f0b98,0x00000000da780000)
  from space 7680K, 17% used [0x00000000da780000,0x00000000da8d4010,0x00000000daf00000)
  to   space 7680K, 0% used [0x00000000db280000,0x00000000db280000,0x00000000dba00000)
 ParOldGen       total 73728K, used 62120K [0x0000000080c00000, 0x0000000085400000, 0x00000000d5980000)
  object space 73728K, 84% used [0x0000000080c00000,0x00000000848aa158,0x0000000085400000)
 Metaspace       used 25776K, capacity 26764K, committed 27136K, reserved 1073152K
  class space    used 3485K, capacity 3733K, committed 3840K, reserved 1048576K
Event: 75.499 GC heap after
Heap after GC invocations=43 (full 1):
 PSYoungGen      total 90112K, used 1992K [0x00000000d5980000, 0x00000000db900000, 0x0000000100000000)
  eden space 83456K, 0% used [0x00000000d5980000,0x00000000d5980000,0x00000000dab00000)
  from space 6656K, 29% used [0x00000000db280000,0x00000000db472030,0x00000000db900000)
  to   space 7168K, 0% used [0x00000000dab00000,0x00000000dab00000,0x00000000db200000)
 ParOldGen       total 73728K, used 62136K [0x0000000080c00000, 0x0000000085400000, 0x00000000d5980000)
  object space 73728K, 84% used [0x0000000080c00000,0x00000000848ae158,0x0000000085400000)
 Metaspace       used 25776K, capacity 26764K, committed 27136K, reserved 1073152K
  class space    used 3485K, capacity 3733K, committed 3840K, reserved 1048576K
}
Event: 75.935 GC heap before
{Heap before GC invocations=44 (full 1):
 PSYoungGen      total 90112K, used 84976K [0x00000000d5980000, 0x00000000db900000, 0x0000000100000000)
  eden space 83456K, 99% used [0x00000000d5980000,0x00000000daa8a350,0x00000000dab00000)
  from space 6656K, 29% used [0x00000000db280000,0x00000000db472030,0x00000000db900000)
  to   space 7168K, 0% used [0x00000000dab00000,0x00000000dab00000,0x00000000db200000)
 ParOldGen       total 73728K, used 62136K [0x0000000080c00000, 0x0000000085400000, 0x00000000d5980000)
  object space 73728K, 84% used [0x0000000080c00000,0x00000000848ae158,0x0000000085400000)
 Metaspace       used 25777K, capacity 26764K, committed 27136K, reserved 1073152K
  class space    used 3485K, capacity 3733K, committed 3840K, reserved 1048576K
Event: 75.937 GC heap after
Heap after GC invocations=44 (full 1):
 PSYoungGen      total 90624K, used 6192K [0x00000000d5980000, 0x00000000dbe80000, 0x0000000100000000)
  eden space 83456K, 0% used [0x00000000d5980000,0x00000000d5980000,0x00000000dab00000)
  from space 7168K, 86% used [0x00000000dab00000,0x00000000db10c050,0x00000000db200000)
  to   space 8192K, 0% used [0x00000000db680000,0x00000000db680000,0x00000000dbe80000)
 ParOldGen       total 73728K, used 62136K [0x0000000080c00000, 0x0000000085400000, 0x00000000d5980000)
  object space 73728K, 84% used [0x0000000080c00000,0x00000000848ae158,0x0000000085400000)
 Metaspace       used 25777K, capacity 26764K, committed 27136K, reserved 1073152K
  class space    used 3485K, capacity 3733K, committed 3840K, reserved 1048576K
}
Event: 76.381 GC heap before
{Heap before GC invocations=45 (full 1):
 PSYoungGen      total 90624K, used 89643K [0x00000000d5980000, 0x00000000dbe80000, 0x0000000100000000)
  eden space 83456K, 99% used [0x00000000d5980000,0x00000000daafec88,0x00000000dab00000)
  from space 7168K, 86% used [0x00000000dab00000,0x00000000db10c050,0x00000000db200000)
  to   space 8192K, 0% used [0x00000000db680000,0x00000000db680000,0x00000000dbe80000)
 ParOldGen       total 73728K, used 62136K [0x0000000080c00000, 0x0000000085400000, 0x00000000d5980000)
  object space 73728K, 84% used [0x0000000080c00000,0x00000000848ae158,0x0000000085400000)
 Metaspace       used 25780K, capacity 26828K, committed 27136K, reserved 1073152K
  class space    used 3485K, capacity 3733K, committed 3840K, reserved 1048576K
Event: 76.383 GC heap after
Heap after GC invocations=45 (full 1):
 PSYoungGen      total 94208K, used 2892K [0x00000000d5980000, 0x00000000dbd80000, 0x0000000100000000)
  eden space 87040K, 0% used [0x00000000d5980000,0x00000000d5980000,0x00000000dae80000)
  from space 7168K, 40% used [0x00000000db680000,0x00000000db953030,0x00000000dbd80000)
  to   space 7680K, 0% used [0x00000000dae80000,0x00000000dae80000,0x00000000db600000)
 ParOldGen       total 73728K, used 62144K [0x0000000080c00000, 0x0000000085400000, 0x00000000d5980000)
  object space 73728K, 84% used [0x0000000080c00000,0x00000000848b0158,0x0000000085400000)
 Metaspace       used 25780K, capacity 26828K, committed 27136K, reserved 1073152K
  class space    used 3485K, capacity 3733K, committed 3840K, reserved 1048576K
}
Event: 76.842 GC heap before
{Heap before GC invocations=46 (full 1):
 PSYoungGen      total 94208K, used 88768K [0x00000000d5980000, 0x00000000dbd80000, 0x0000000100000000)
  eden space 87040K, 98% used [0x00000000d5980000,0x00000000dad5d3c8,0x00000000dae80000)
  from space 7168K, 40% used [0x00000000db680000,0x00000000db953030,0x00000000dbd80000)
  to   space 7680K, 0% used [0x00000000dae80000,0x00000000dae80000,0x00000000db600000)
 ParOldGen       total 73728K, used 62144K [0x0000000080c00000, 0x0000000085400000, 0x00000000d5980000)
  object space 73728K, 84% used [0x0000000080c00000,0x00000000848b0158,0x0000000085400000)
 Metaspace       used 25780K, capacity 26832K, committed 27136K, reserved 1073152K
  class space    used 3485K, capacity 3733K, committed 3840K, reserved 1048576K
Event: 76.845 GC heap after
Heap after GC invocations=46 (full 1):
 PSYoungGen      total 94720K, used 3760K [0x00000000d5980000, 0x00000000dc180000, 0x0000000100000000)
  eden space 87040K, 0% used [0x00000000d5980000,0x00000000d5980000,0x00000000dae80000)
  from space 7680K, 48% used [0x00000000dae80000,0x00000000db22c030,0x00000000db600000)
  to   space 7680K, 0% used [0x00000000dba00000,0x00000000dba00000,0x00000000dc180000)
 ParOldGen       total 73728K, used 62152K [0x0000000080c00000, 0x0000000085400000, 0x00000000d5980000)
  object space 73728K, 84% used [0x0000000080c00000,0x00000000848b2158,0x0000000085400000)
 Metaspace       used 25780K, capacity 26832K, committed 27136K, reserved 1073152K
  class space    used 3485K, capacity 3733K, committed 3840K, reserved 1048576K
}

