# JRE version: Java(TM) SE Runtime Environment (8.0_121-b13) (build 1.8.0_121-b13)
# Java VM: Java HotSpot(TM) 64-Bit Server VM (25.121-b13 mixed mode windows-amd64 compressed oops)
Heap:
 PSYoungGen      total 38400K, used 20214K [0x00000000d5980000, 0x00000000d8400000, 0x0000000100000000)
  eden space 33280K, 60% used [0x00000000d5980000,0x00000000d6d3d838,0x00000000d7a00000)
  from space 5120K, 0% used [0x00000000d7f00000,0x00000000d7f00000,0x00000000d8400000)
  to   space 5120K, 0% used [0x00000000d7a00000,0x00000000d7a00000,0x00000000d7f00000)
 ParOldGen       total 73728K, used 9239K [0x0000000080c00000, 0x0000000085400000, 0x00000000d5980000)
  object space 73728K, 12% used [0x0000000080c00000,0x0000000081505e80,0x0000000085400000)
 Metaspace       used 23099K, capacity 24056K, committed 24320K, reserved 1071104K
  class space    used 3283K, capacity 3495K, committed 3584K, reserved 1048576K
GC Heap History (6 events):
Event: 1.344 GC heap before
{Heap before GC invocations=1 (full 0):
 PSYoungGen      total 38400K, used 33280K [0x00000000d5980000, 0x00000000d8400000, 0x0000000100000000)
  eden space 33280K, 100% used [0x00000000d5980000,0x00000000d7a00000,0x00000000d7a00000)
  from space 5120K, 0% used [0x00000000d7f00000,0x00000000d7f00000,0x00000000d8400000)
  to   space 5120K, 0% used [0x00000000d7a00000,0x00000000d7a00000,0x00000000d7f00000)
 ParOldGen       total 87552K, used 0K [0x0000000080c00000, 0x0000000086180000, 0x00000000d5980000)
  object space 87552K, 0% used [0x0000000080c00000,0x0000000080c00000,0x0000000086180000)
 Metaspace       used 14138K, capacity 14656K, committed 14848K, reserved 1062912K
  class space    used 1896K, capacity 2045K, committed 2048K, reserved 1048576K
Event: 1.353 GC heap after
Heap after GC invocations=1 (full 0):
 PSYoungGen      total 38400K, used 4992K [0x00000000d5980000, 0x00000000d8400000, 0x0000000100000000)
  eden space 33280K, 0% used [0x00000000d5980000,0x00000000d5980000,0x00000000d7a00000)
  from space 5120K, 97% used [0x00000000d7a00000,0x00000000d7ee03b0,0x00000000d7f00000)
  to   space 5120K, 0% used [0x00000000d7f00000,0x00000000d7f00000,0x00000000d8400000)
 ParOldGen       total 87552K, used 80K [0x0000000080c00000, 0x0000000086180000, 0x00000000d5980000)
  object space 87552K, 0% used [0x0000000080c00000,0x0000000080c14010,0x0000000086180000)
 Metaspace       used 14138K, capacity 14656K, committed 14848K, reserved 1062912K
  class space    used 1896K, capacity 2045K, committed 2048K, reserved 1048576K
}
Event: 2.386 GC heap before
{Heap before GC invocations=2 (full 0):
 PSYoungGen      total 38400K, used 30290K [0x00000000d5980000, 0x00000000d8400000, 0x0000000100000000)
  eden space 33280K, 76% used [0x00000000d5980000,0x00000000d7234720,0x00000000d7a00000)
  from space 5120K, 97% used [0x00000000d7a00000,0x00000000d7ee03b0,0x00000000d7f00000)
  to   space 5120K, 0% used [0x00000000d7f00000,0x00000000d7f00000,0x00000000d8400000)
 ParOldGen       total 87552K, used 80K [0x0000000080c00000, 0x0000000086180000, 0x00000000d5980000)
  object space 87552K, 0% used [0x0000000080c00000,0x0000000080c14010,0x0000000086180000)
 Metaspace       used 20146K, capacity 21142K, committed 21248K, reserved 1067008K
  class space    used 2990K, capacity 3232K, committed 3328K, reserved 1048576K
Event: 2.399 GC heap after
Heap after GC invocations=2 (full 0):
 PSYoungGen      total 38400K, used 5088K [0x00000000d5980000, 0x00000000d8400000, 0x0000000100000000)
  eden space 33280K, 0% used [0x00000000d5980000,0x00000000d5980000,0x00000000d7a00000)
  from space 5120K, 99% used [0x00000000d7f00000,0x00000000d83f8050,0x00000000d8400000)
  to   space 5120K, 0% used [0x00000000d7a00000,0x00000000d7a00000,0x00000000d7f00000)
 ParOldGen       total 87552K, used 6293K [0x0000000080c00000, 0x0000000086180000, 0x00000000d5980000)
  object space 87552K, 7% used [0x0000000080c00000,0x0000000081225548,0x0000000086180000)
 Metaspace       used 20146K, capacity 21142K, committed 21248K, reserved 1067008K
  class space    used 2990K, capacity 3232K, committed 3328K, reserved 1048576K
}
Event: 2.399 GC heap before
{Heap before GC invocations=3 (full 1):
 PSYoungGen      total 38400K, used 5088K [0x00000000d5980000, 0x00000000d8400000, 0x0000000100000000)
  eden space 33280K, 0% used [0x00000000d5980000,0x00000000d5980000,0x00000000d7a00000)
  from space 5120K, 99% used [0x00000000d7f00000,0x00000000d83f8050,0x00000000d8400000)
  to   space 5120K, 0% used [0x00000000d7a00000,0x00000000d7a00000,0x00000000d7f00000)
 ParOldGen       total 87552K, used 6293K [0x0000000080c00000, 0x0000000086180000, 0x00000000d5980000)
  object space 87552K, 7% used [0x0000000080c00000,0x0000000081225548,0x0000000086180000)
 Metaspace       used 20146K, capacity 21142K, committed 21248K, reserved 1067008K
  class space    used 2990K, capacity 3232K, committed 3328K, reserved 1048576K
Event: 2.446 GC heap after
Heap after GC invocations=3 (full 1):
 PSYoungGen      total 38400K, used 0K [0x00000000d5980000, 0x00000000d8400000, 0x0000000100000000)
  eden space 33280K, 0% used [0x00000000d5980000,0x00000000d5980000,0x00000000d7a00000)
  from space 5120K, 0% used [0x00000000d7f00000,0x00000000d7f00000,0x00000000d8400000)
  to   space 5120K, 0% used [0x00000000d7a00000,0x00000000d7a00000,0x00000000d7f00000)
 ParOldGen       total 73728K, used 9239K [0x0000000080c00000, 0x0000000085400000, 0x00000000d5980000)
  object space 73728K, 12% used [0x0000000080c00000,0x0000000081505e80,0x0000000085400000)
 Metaspace       used 20146K, capacity 21142K, committed 21248K, reserved 1067008K
  class space    used 2990K, capacity 3232K, committed 3328K, reserved 1048576K
}

