# JRE version: Java(TM) SE Runtime Environment (8.0_121-b13) (build 1.8.0_121-b13)
# Java VM: Java HotSpot(TM) 64-Bit Server VM (25.121-b13 mixed mode windows-amd64 compressed oops)
Heap:
 PSYoungGen      total 76288K, used 24702K [0x00000000d5980000, 0x00000000daf80000, 0x0000000100000000)
  eden space 67584K, 31% used [0x00000000d5980000,0x00000000d6e42ba8,0x00000000d9b80000)
  from space 8704K, 39% used [0x00000000d9b80000,0x00000000d9edd030,0x00000000da400000)
  to   space 8704K, 0% used [0x00000000da700000,0x00000000da700000,0x00000000daf80000)
 ParOldGen       total 73728K, used 10546K [0x0000000080c00000, 0x0000000085400000, 0x00000000d5980000)
  object space 73728K, 14% used [0x0000000080c00000,0x000000008164cb60,0x0000000085400000)
 Metaspace       used 25421K, capacity 26408K, committed 26624K, reserved 1073152K
  class space    used 3482K, capacity 3723K, committed 3840K, reserved 1048576K
GC Heap History (10 events):
Event: 24.741 GC heap before
{Heap before GC invocations=12 (full 1):
 PSYoungGen      total 69120K, used 63879K [0x00000000d5980000, 0x00000000da780000, 0x0000000100000000)
  eden space 60416K, 98% used [0x00000000d5980000,0x00000000d93abdf0,0x00000000d9480000)
  from space 8704K, 49% used [0x00000000d9f00000,0x00000000da336030,0x00000000da780000)
  to   space 9728K, 0% used [0x00000000d9480000,0x00000000d9480000,0x00000000d9e00000)
 ParOldGen       total 73728K, used 10506K [0x0000000080c00000, 0x0000000085400000, 0x00000000d5980000)
  object space 73728K, 14% used [0x0000000080c00000,0x0000000081642b60,0x0000000085400000)
 Metaspace       used 25266K, capacity 26310K, committed 26496K, reserved 1073152K
  class space    used 3480K, capacity 3690K, committed 3712K, reserved 1048576K
Event: 24.744 GC heap after
Heap after GC invocations=12 (full 1):
 PSYoungGen      total 70144K, used 3412K [0x00000000d5980000, 0x00000000dab80000, 0x0000000100000000)
  eden space 60416K, 0% used [0x00000000d5980000,0x00000000d5980000,0x00000000d9480000)
  from space 9728K, 35% used [0x00000000d9480000,0x00000000d97d5030,0x00000000d9e00000)
  to   space 9728K, 0% used [0x00000000da200000,0x00000000da200000,0x00000000dab80000)
 ParOldGen       total 73728K, used 10514K [0x0000000080c00000, 0x0000000085400000, 0x00000000d5980000)
  object space 73728K, 14% used [0x0000000080c00000,0x0000000081644b60,0x0000000085400000)
 Metaspace       used 25266K, capacity 26310K, committed 26496K, reserved 1073152K
  class space    used 3480K, capacity 3690K, committed 3712K, reserved 1048576K
}
Event: 27.415 GC heap before
{Heap before GC invocations=13 (full 1):
 PSYoungGen      total 70144K, used 63747K [0x00000000d5980000, 0x00000000dab80000, 0x0000000100000000)
  eden space 60416K, 99% used [0x00000000d5980000,0x00000000d946bf18,0x00000000d9480000)
  from space 9728K, 35% used [0x00000000d9480000,0x00000000d97d5030,0x00000000d9e00000)
  to   space 9728K, 0% used [0x00000000da200000,0x00000000da200000,0x00000000dab80000)
 ParOldGen       total 73728K, used 10514K [0x0000000080c00000, 0x0000000085400000, 0x00000000d5980000)
  object space 73728K, 14% used [0x0000000080c00000,0x0000000081644b60,0x0000000085400000)
 Metaspace       used 25326K, capacity 26312K, committed 26496K, reserved 1073152K
  class space    used 3480K, capacity 3691K, committed 3712K, reserved 1048576K
Event: 27.421 GC heap after
Heap after GC invocations=13 (full 1):
 PSYoungGen      total 73216K, used 3144K [0x00000000d5980000, 0x00000000daa80000, 0x0000000100000000)
  eden space 64512K, 0% used [0x00000000d5980000,0x00000000d5980000,0x00000000d9880000)
  from space 8704K, 36% used [0x00000000da200000,0x00000000da512020,0x00000000daa80000)
  to   space 9216K, 0% used [0x00000000d9880000,0x00000000d9880000,0x00000000da180000)
 ParOldGen       total 73728K, used 10522K [0x0000000080c00000, 0x0000000085400000, 0x00000000d5980000)
  object space 73728K, 14% used [0x0000000080c00000,0x0000000081646b60,0x0000000085400000)
 Metaspace       used 25326K, capacity 26312K, committed 26496K, reserved 1073152K
  class space    used 3480K, capacity 3691K, committed 3712K, reserved 1048576K
}
Event: 30.194 GC heap before
{Heap before GC invocations=14 (full 1):
 PSYoungGen      total 73216K, used 67594K [0x00000000d5980000, 0x00000000daa80000, 0x0000000100000000)
  eden space 64512K, 99% used [0x00000000d5980000,0x00000000d9870978,0x00000000d9880000)
  from space 8704K, 36% used [0x00000000da200000,0x00000000da512020,0x00000000daa80000)
  to   space 9216K, 0% used [0x00000000d9880000,0x00000000d9880000,0x00000000da180000)
 ParOldGen       total 73728K, used 10522K [0x0000000080c00000, 0x0000000085400000, 0x00000000d5980000)
  object space 73728K, 14% used [0x0000000080c00000,0x0000000081646b60,0x0000000085400000)
 Metaspace       used 25328K, capacity 26312K, committed 26496K, reserved 1073152K
  class space    used 3480K, capacity 3691K, committed 3712K, reserved 1048576K
Event: 30.197 GC heap after
Heap after GC invocations=14 (full 1):
 PSYoungGen      total 73728K, used 3412K [0x00000000d5980000, 0x00000000dae00000, 0x0000000100000000)
  eden space 64512K, 0% used [0x00000000d5980000,0x00000000d5980000,0x00000000d9880000)
  from space 9216K, 37% used [0x00000000d9880000,0x00000000d9bd5030,0x00000000da180000)
  to   space 9216K, 0% used [0x00000000da500000,0x00000000da500000,0x00000000dae00000)
 ParOldGen       total 73728K, used 10530K [0x0000000080c00000, 0x0000000085400000, 0x00000000d5980000)
  object space 73728K, 14% used [0x0000000080c00000,0x0000000081648b60,0x0000000085400000)
 Metaspace       used 25328K, capacity 26312K, committed 26496K, reserved 1073152K
  class space    used 3480K, capacity 3691K, committed 3712K, reserved 1048576K
}
Event: 32.992 GC heap before
{Heap before GC invocations=15 (full 1):
 PSYoungGen      total 73728K, used 66765K [0x00000000d5980000, 0x00000000dae00000, 0x0000000100000000)
  eden space 64512K, 98% used [0x00000000d5980000,0x00000000d975e570,0x00000000d9880000)
  from space 9216K, 37% used [0x00000000d9880000,0x00000000d9bd5030,0x00000000da180000)
  to   space 9216K, 0% used [0x00000000da500000,0x00000000da500000,0x00000000dae00000)
 ParOldGen       total 73728K, used 10530K [0x0000000080c00000, 0x0000000085400000, 0x00000000d5980000)
  object space 73728K, 14% used [0x0000000080c00000,0x0000000081648b60,0x0000000085400000)
 Metaspace       used 25331K, capacity 26312K, committed 26496K, reserved 1073152K
  class space    used 3480K, capacity 3691K, committed 3712K, reserved 1048576K
Event: 32.994 GC heap after
Heap after GC invocations=15 (full 1):
 PSYoungGen      total 75264K, used 3412K [0x00000000d5980000, 0x00000000dac80000, 0x0000000100000000)
  eden space 67584K, 0% used [0x00000000d5980000,0x00000000d5980000,0x00000000d9b80000)
  from space 7680K, 44% used [0x00000000da500000,0x00000000da855030,0x00000000dac80000)
  to   space 8704K, 0% used [0x00000000d9b80000,0x00000000d9b80000,0x00000000da400000)
 ParOldGen       total 73728K, used 10538K [0x0000000080c00000, 0x0000000085400000, 0x00000000d5980000)
  object space 73728K, 14% used [0x0000000080c00000,0x000000008164ab60,0x0000000085400000)
 Metaspace       used 25331K, capacity 26312K, committed 26496K, reserved 1073152K
  class space    used 3480K, capacity 3691K, committed 3712K, reserved 1048576K
}
Event: 35.924 GC heap before
{Heap before GC invocations=16 (full 1):
 PSYoungGen      total 75264K, used 70791K [0x00000000d5980000, 0x00000000dac80000, 0x0000000100000000)
  eden space 67584K, 99% used [0x00000000d5980000,0x00000000d9b4cfc8,0x00000000d9b80000)
  from space 7680K, 44% used [0x00000000da500000,0x00000000da855030,0x00000000dac80000)
  to   space 8704K, 0% used [0x00000000d9b80000,0x00000000d9b80000,0x00000000da400000)
 ParOldGen       total 73728K, used 10538K [0x0000000080c00000, 0x0000000085400000, 0x00000000d5980000)
  object space 73728K, 14% used [0x0000000080c00000,0x000000008164ab60,0x0000000085400000)
 Metaspace       used 25391K, capacity 26408K, committed 26624K, reserved 1073152K
  class space    used 3482K, capacity 3723K, committed 3840K, reserved 1048576K
Event: 35.927 GC heap after
Heap after GC invocations=16 (full 1):
 PSYoungGen      total 76288K, used 3444K [0x00000000d5980000, 0x00000000daf80000, 0x0000000100000000)
  eden space 67584K, 0% used [0x00000000d5980000,0x00000000d5980000,0x00000000d9b80000)
  from space 8704K, 39% used [0x00000000d9b80000,0x00000000d9edd030,0x00000000da400000)
  to   space 8704K, 0% used [0x00000000da700000,0x00000000da700000,0x00000000daf80000)
 ParOldGen       total 73728K, used 10546K [0x0000000080c00000, 0x0000000085400000, 0x00000000d5980000)
  object space 73728K, 14% used [0x0000000080c00000,0x000000008164cb60,0x0000000085400000)
 Metaspace       used 25391K, capacity 26408K, committed 26624K, reserved 1073152K
  class space    used 3482K, capacity 3723K, committed 3840K, reserved 1048576K
}

